<?xml version="1.0" encoding="UTF-8" ?>
<testsuite failures="0" time="0.943" errors="1" skipped="0" tests="1" name="com.tropo.functional.DeployTest">
  <properties>
[...]
</properties>
  <testcase time="0.922" classname="com.tropo.functional.DeployTest" name="testDeploy">
    <error type="java.lang.NullPointerException">java.lang.NullPointerException
	at com.voxeo.prism.tf.server.impl.PrismServerBase.checkApplication(PrismServerBase.java:294)
	at com.voxeo.prism.tf.server.impl.LocalPrismServerBase.deploy(LocalPrismServerBase.java:29)
	at com.voxeo.prism.tf.server.PrismServer$deploy.call(Unknown Source)
	at org.codehaus.groovy.runtime.callsite.CallSiteArray.defaultCall(CallSiteArray.java:40)
	at org.codehaus.groovy.runtime.callsite.AbstractCallSite.call(AbstractCallSite.java:116)
	at org.codehaus.groovy.runtime.callsite.AbstractCallSite.call(AbstractCallSite.java:124)
	at com.tropo.functional.DeployTest.testDeploy(DeployTest.groovy:62)
	at sun.reflect.NativeMethodAccessorImpl.invoke0(Native Method)
	at sun.reflect.NativeMethodAccessorImpl.invoke(NativeMethodAccessorImpl.java:39)
	at sun.reflect.DelegatingMethodAccessorImpl.invoke(DelegatingMethodAccessorImpl.java:25)
	at java.lang.reflect.Method.invoke(Method.java:597)
	at org.junit.runners.model.FrameworkMethod$1.runReflectiveCall(FrameworkMethod.java:44)
	at org.junit.internal.runners.model.ReflectiveCallable.run(ReflectiveCallable.java:15)
	at org.junit.runners.model.FrameworkMethod.invokeExplosively(FrameworkMethod.java:41)
	at org.junit.internal.runners.statements.InvokeMethod.evaluate(InvokeMethod.java:20)
	at org.junit.internal.runners.statements.RunBefores.evaluate(RunBefores.java:28)
	at org.junit.runners.BlockJUnit4ClassRunner.runNotIgnored(BlockJUnit4ClassRunner.java:79)
	at org.junit.runners.BlockJUnit4ClassRunner.runChild(BlockJUnit4ClassRunner.java:71)
	at org.junit.runners.BlockJUnit4ClassRunner.runChild(BlockJUnit4ClassRunner.java:49)
	at org.junit.runners.ParentRunner$3.run(ParentRunner.java:193)
	at org.junit.runners.ParentRunner$1.schedule(ParentRunner.java:52)
	at org.junit.runners.ParentRunner.runChildren(ParentRunner.java:191)
	at org.junit.runners.ParentRunner.access$000(ParentRunner.java:42)
	at org.junit.runners.ParentRunner$2.evaluate(ParentRunner.java:184)
	at org.junit.runners.ParentRunner.run(ParentRunner.java:236)
	at org.apache.maven.surefire.junit4.JUnit4TestSet.execute(JUnit4TestSet.java:62)
	at org.apache.maven.surefire.suite.AbstractDirectoryTestSuite.executeTestSet(AbstractDirectoryTestSuite.java:140)
	at org.apache.maven.surefire.suite.AbstractDirectoryTestSuite.execute(AbstractDirectoryTestSuite.java:127)
	at org.apache.maven.surefire.Surefire.run(Surefire.java:177)
	at sun.reflect.NativeMethodAccessorImpl.invoke0(Native Method)
	at sun.reflect.NativeMethodAccessorImpl.invoke(NativeMethodAccessorImpl.java:39)
	at sun.reflect.DelegatingMethodAccessorImpl.invoke(DelegatingMethodAccessorImpl.java:25)
	at java.lang.reflect.Method.invoke(Method.java:597)
	at org.apache.maven.surefire.booter.SurefireBooter.runSuitesInProcess(SurefireBooter.java:345)
	at org.apache.maven.surefire.booter.SurefireBooter.main(SurefireBooter.java:1009)
</error>
    <system-out>2011-05-30 11:54:27.874 DEBUG [main] #KERNEL#: delete /opt/voxeo/prism/apps/tropo2/images/tropo-logo.png: true
2011-05-30 11:54:27.875 DEBUG [main] #KERNEL#: delete /opt/voxeo/prism/apps/tropo2/images: true
2011-05-30 11:54:27.875 DEBUG [main] #KERNEL#: delete /opt/voxeo/prism/apps/tropo2/META-INF/MANIFEST.MF: true
2011-05-30 11:54:27.876 DEBUG [main] #KERNEL#: delete /opt/voxeo/prism/apps/tropo2/META-INF/maven/com.tropo/tropo-war/pom.xml: true
2011-05-30 11:54:27.876 DEBUG [main] #KERNEL#: delete /opt/voxeo/prism/apps/tropo2/META-INF/maven/com.tropo/tropo-war/pom.properties: true
2011-05-30 11:54:27.876 DEBUG [main] #KERNEL#: delete /opt/voxeo/prism/apps/tropo2/META-INF/maven/com.tropo/tropo-war: true
2011-05-30 11:54:27.877 DEBUG [main] #KERNEL#: delete /opt/voxeo/prism/apps/tropo2/META-INF/maven/com.tropo: true
2011-05-30 11:54:27.877 DEBUG [main] #KERNEL#: delete /opt/voxeo/prism/apps/tropo2/META-INF/maven: true
2011-05-30 11:54:27.877 DEBUG [main] #KERNEL#: delete /opt/voxeo/prism/apps/tropo2/META-INF: true
2011-05-30 11:54:27.877 DEBUG [main] #KERNEL#: delete /opt/voxeo/prism/apps/tropo2/index.jsp: true
2011-05-30 11:54:27.878 DEBUG [main] #KERNEL#: delete /opt/voxeo/prism/apps/tropo2/scripts/test.rb: true
2011-05-30 11:54:27.878 DEBUG [main] #KERNEL#: delete /opt/voxeo/prism/apps/tropo2/scripts: true
2011-05-30 11:54:27.878 DEBUG [main] #KERNEL#: delete /opt/voxeo/prism/apps/tropo2/WEB-INF/web.xml: true
2011-05-30 11:54:27.879 DEBUG [main] #KERNEL#: delete /opt/voxeo/prism/apps/tropo2/WEB-INF/xmpp.xml: true
2011-05-30 11:54:27.879 DEBUG [main] #KERNEL#: delete /opt/voxeo/prism/apps/tropo2/WEB-INF/classes/.gitignore: true
2011-05-30 11:54:27.880 DEBUG [main] #KERNEL#: delete /opt/voxeo/prism/apps/tropo2/WEB-INF/classes/com/tropo/web/TropoStatus.class: true
2011-05-30 11:54:27.880 DEBUG [main] #KERNEL#: delete /opt/voxeo/prism/apps/tropo2/WEB-INF/classes/com/tropo/web/ContextLoaderListener.class: true
2011-05-30 11:54:27.880 DEBUG [main] #KERNEL#: delete /opt/voxeo/prism/apps/tropo2/WEB-INF/classes/com/tropo/web: true
2011-05-30 11:54:27.881 DEBUG [main] #KERNEL#: delete /opt/voxeo/prism/apps/tropo2/WEB-INF/classes/com/tropo: true
2011-05-30 11:54:27.881 DEBUG [main] #KERNEL#: delete /opt/voxeo/prism/apps/tropo2/WEB-INF/classes/com: true
2011-05-30 11:54:27.881 DEBUG [main] #KERNEL#: delete /opt/voxeo/prism/apps/tropo2/WEB-INF/classes: true
2011-05-30 11:54:27.881 DEBUG [main] #KERNEL#: delete /opt/voxeo/prism/apps/tropo2/WEB-INF/ozone-xmpp.xml: true
2011-05-30 11:54:27.882 DEBUG [main] #KERNEL#: delete /opt/voxeo/prism/apps/tropo2/WEB-INF/sip.xml: true
2011-05-30 11:54:27.883 DEBUG [main] #KERNEL#: delete /opt/voxeo/prism/apps/tropo2/WEB-INF/lib/jaxb-impl-2.1.3.jar: true
2011-05-30 11:54:27.883 DEBUG [main] #KERNEL#: delete /opt/voxeo/prism/apps/tropo2/WEB-INF/lib/commons-collections-3.2.jar: true
2011-05-30 11:54:27.883 DEBUG [main] #KERNEL#: delete /opt/voxeo/prism/apps/tropo2/WEB-INF/lib/httpclient-4.0.jar: true
2011-05-30 11:54:27.884 DEBUG [main] #KERNEL#: delete /opt/voxeo/prism/apps/tropo2/WEB-INF/lib/hibernate-commons-annotations-3.1.0.GA.jar: true
2011-05-30 11:54:27.884 DEBUG [main] #KERNEL#: delete /opt/voxeo/prism/apps/tropo2/WEB-INF/lib/jaxb-api-2.1.jar: true
2011-05-30 11:54:27.885 DEBUG [main] #KERNEL#: delete /opt/voxeo/prism/apps/tropo2/WEB-INF/lib/spring-web-3.0.5.RELEASE.jar: true
2011-05-30 11:54:27.885 DEBUG [main] #KERNEL#: delete /opt/voxeo/prism/apps/tropo2/WEB-INF/lib/hibernate-core-3.3.0.SP1.jar: true
2011-05-30 11:54:27.886 DEBUG [main] #KERNEL#: delete /opt/voxeo/prism/apps/tropo2/WEB-INF/lib/cglib-nodep-2.1_3.jar: true
2011-05-30 11:54:27.886 DEBUG [main] #KERNEL#: delete /opt/voxeo/prism/apps/tropo2/WEB-INF/lib/commons-logging-1.1.1.jar: true
2011-05-30 11:54:27.887 DEBUG [main] #KERNEL#: delete /opt/voxeo/prism/apps/tropo2/WEB-INF/lib/moho-api-0.7-SNAPSHOT.jar: true
2011-05-30 11:54:27.887 DEBUG [main] #KERNEL#: delete /opt/voxeo/prism/apps/tropo2/WEB-INF/lib/tropo-core-2.0-SNAPSHOT.jar: true
2011-05-30 11:54:27.887 DEBUG [main] #KERNEL#: delete /opt/voxeo/prism/apps/tropo2/WEB-INF/lib/httpcore-4.0.1.jar: true
2011-05-30 11:54:27.888 DEBUG [main] #KERNEL#: delete /opt/voxeo/prism/apps/tropo2/WEB-INF/lib/spring-aop-3.0.5.RELEASE.jar: true
2011-05-30 11:54:27.888 DEBUG [main] #KERNEL#: delete /opt/voxeo/prism/apps/tropo2/WEB-INF/lib/commons-lang-2.4.jar: true
2011-05-30 11:54:27.888 DEBUG [main] #KERNEL#: delete /opt/voxeo/prism/apps/tropo2/WEB-INF/lib/slf4j-api-1.6.1.jar: true
2011-05-30 11:54:27.889 DEBUG [main] #KERNEL#: delete /opt/voxeo/prism/apps/tropo2/WEB-INF/lib/aopalliance-1.0.jar: true
2011-05-30 11:54:27.889 DEBUG [main] #KERNEL#: delete /opt/voxeo/prism/apps/tropo2/WEB-INF/lib/jetlang-0.2.5.jar: true
2011-05-30 11:54:27.889 DEBUG [main] #KERNEL#: delete /opt/voxeo/prism/apps/tropo2/WEB-INF/lib/commons-io-1.4.jar: true
2011-05-30 11:54:27.892 DEBUG [main] #KERNEL#: delete /opt/voxeo/prism/apps/tropo2/WEB-INF/lib/vlib-core-12.2.0.jar: true
2011-05-30 11:54:27.893 DEBUG [main] #KERNEL#: delete /opt/voxeo/prism/apps/tropo2/WEB-INF/lib/spring-beans-3.0.5.RELEASE.jar: true
2011-05-30 11:54:27.893 DEBUG [main] #KERNEL#: delete /opt/voxeo/prism/apps/tropo2/WEB-INF/lib/spring-core-3.0.5.RELEASE.jar: true
2011-05-30 11:54:27.894 DEBUG [main] #KERNEL#: delete /opt/voxeo/prism/apps/tropo2/WEB-INF/lib/spring-context-3.0.5.RELEASE.jar: true
2011-05-30 11:54:27.904 DEBUG [main] #KERNEL#: delete /opt/voxeo/prism/apps/tropo2/WEB-INF/lib/stax-api-1.0-2.jar: true
2011-05-30 11:54:27.904 DEBUG [main] #KERNEL#: delete /opt/voxeo/prism/apps/tropo2/WEB-INF/lib/jta-1.1.jar: true
2011-05-30 11:54:27.905 DEBUG [main] #KERNEL#: delete /opt/voxeo/prism/apps/tropo2/WEB-INF/lib/validation-api-1.0.0.GA.jar: true
2011-05-30 11:54:27.905 DEBUG [main] #KERNEL#: delete /opt/voxeo/prism/apps/tropo2/WEB-INF/lib/ejb3-persistence-1.0.2.GA.jar: true
2011-05-30 11:54:27.905 DEBUG [main] #KERNEL#: delete /opt/voxeo/prism/apps/tropo2/WEB-INF/lib/joda-time-1.6.jar: true
2011-05-30 11:54:27.914 DEBUG [main] #KERNEL#: delete /opt/voxeo/prism/apps/tropo2/WEB-INF/lib/antlr-2.7.6.jar: true
2011-05-30 11:54:27.914 DEBUG [main] #KERNEL#: delete /opt/voxeo/prism/apps/tropo2/WEB-INF/lib/hibernate-annotations-3.4.0.GA.jar: true
2011-05-30 11:54:27.914 DEBUG [main] #KERNEL#: delete /opt/voxeo/prism/apps/tropo2/WEB-INF/lib/hibernate-validator-4.0.2.GA.jar: true
2011-05-30 11:54:27.915 DEBUG [main] #KERNEL#: delete /opt/voxeo/prism/apps/tropo2/WEB-INF/lib/spring-asm-3.0.5.RELEASE.jar: true
2011-05-30 11:54:27.915 DEBUG [main] #KERNEL#: delete /opt/voxeo/prism/apps/tropo2/WEB-INF/lib/spring-expression-3.0.5.RELEASE.jar: true
2011-05-30 11:54:27.916 DEBUG [main] #KERNEL#: delete /opt/voxeo/prism/apps/tropo2/WEB-INF/lib/moho-impl-0.7-SNAPSHOT.jar: true
2011-05-30 11:54:27.916 DEBUG [main] #KERNEL#: delete /opt/voxeo/prism/apps/tropo2/WEB-INF/lib/tropo-server-2.0-SNAPSHOT.jar: true
2011-05-30 11:54:27.916 DEBUG [main] #KERNEL#: delete /opt/voxeo/prism/apps/tropo2/WEB-INF/lib/activation-1.1.jar: true
2011-05-30 11:54:27.916 DEBUG [main] #KERNEL#: delete /opt/voxeo/prism/apps/tropo2/WEB-INF/lib/commons-codec-1.3.jar: true
2011-05-30 11:54:27.917 DEBUG [main] #KERNEL#: delete /opt/voxeo/prism/apps/tropo2/WEB-INF/lib: true
2011-05-30 11:54:27.924 DEBUG [main] #KERNEL#: delete /opt/voxeo/prism/apps/tropo2/WEB-INF: true
</system-out>
    <system-err>java.lang.NullPointerException
	at com.voxeo.prism.tf.server.impl.PrismServerBase.checkApplication(PrismServerBase.java:294)
	at com.voxeo.prism.tf.server.impl.LocalPrismServerBase.deploy(LocalPrismServerBase.java:29)
	at com.voxeo.prism.tf.server.PrismServer$deploy.call(Unknown Source)
	at org.codehaus.groovy.runtime.callsite.CallSiteArray.defaultCall(CallSiteArray.java:40)
	at org.codehaus.groovy.runtime.callsite.AbstractCallSite.call(AbstractCallSite.java:116)
	at org.codehaus.groovy.runtime.callsite.AbstractCallSite.call(AbstractCallSite.java:124)
	at com.tropo.functional.DeployTest.testDeploy(DeployTest.groovy:62)
	at sun.reflect.NativeMethodAccessorImpl.invoke0(Native Method)
	at sun.reflect.NativeMethodAccessorImpl.invoke(NativeMethodAccessorImpl.java:39)
	at sun.reflect.DelegatingMethodAccessorImpl.invoke(DelegatingMethodAccessorImpl.java:25)
	at java.lang.reflect.Method.invoke(Method.java:597)
	at org.junit.runners.model.FrameworkMethod$1.runReflectiveCall(FrameworkMethod.java:44)
	at org.junit.internal.runners.model.ReflectiveCallable.run(ReflectiveCallable.java:15)
	at org.junit.runners.model.FrameworkMethod.invokeExplosively(FrameworkMethod.java:41)
	at org.junit.internal.runners.statements.InvokeMethod.evaluate(InvokeMethod.java:20)
	at org.junit.internal.runners.statements.RunBefores.evaluate(RunBefores.java:28)
	at org.junit.runners.BlockJUnit4ClassRunner.runNotIgnored(BlockJUnit4ClassRunner.java:79)
	at org.junit.runners.BlockJUnit4ClassRunner.runChild(BlockJUnit4ClassRunner.java:71)
	at org.junit.runners.BlockJUnit4ClassRunner.runChild(BlockJUnit4ClassRunner.java:49)
	at org.junit.runners.ParentRunner$3.run(ParentRunner.java:193)
	at org.junit.runners.ParentRunner$1.schedule(ParentRunner.java:52)
	at org.junit.runners.ParentRunner.runChildren(ParentRunner.java:191)
	at org.junit.runners.ParentRunner.access$000(ParentRunner.java:42)
	at org.junit.runners.ParentRunner$2.evaluate(ParentRunner.java:184)
	at org.junit.runners.ParentRunner.run(ParentRunner.java:236)
	at org.apache.maven.surefire.junit4.JUnit4TestSet.execute(JUnit4TestSet.java:62)
	at org.apache.maven.surefire.suite.AbstractDirectoryTestSuite.executeTestSet(AbstractDirectoryTestSuite.java:140)
	at org.apache.maven.surefire.suite.AbstractDirectoryTestSuite.execute(AbstractDirectoryTestSuite.java:127)
	at org.apache.maven.surefire.Surefire.run(Surefire.java:177)
	at sun.reflect.NativeMethodAccessorImpl.invoke0(Native Method)
	at sun.reflect.NativeMethodAccessorImpl.invoke(NativeMethodAccessorImpl.java:39)
	at sun.reflect.DelegatingMethodAccessorImpl.invoke(DelegatingMethodAccessorImpl.java:25)
	at java.lang.reflect.Method.invoke(Method.java:597)
	at org.apache.maven.surefire.booter.SurefireBooter.runSuitesInProcess(SurefireBooter.java:345)
	at org.apache.maven.surefire.booter.SurefireBooter.main(SurefireBooter.java:1009)
</system-err>
  </testcase>
</testsuite>